Performing C SOURCE FILE Test CMAKE_HAVE_LIBC_PTHREAD failed with the following output:
Change Dir: /home/campbell/repos/3806ICT-Assignment-3-Kenneth-Campbell/catkin_ws/build/CMakeFiles/CMakeTmp

Run Build Command(s):/usr/bin/make cmTC_ab63c/fast && /usr/bin/make -f CMakeFiles/cmTC_ab63c.dir/build.make CMakeFiles/cmTC_ab63c.dir/build
make[1]: Entering directory '/home/campbell/repos/3806ICT-Assignment-3-Kenneth-Campbell/catkin_ws/build/CMakeFiles/CMakeTmp'
Building C object CMakeFiles/cmTC_ab63c.dir/src.c.o
/usr/bin/cc   -DCMAKE_HAVE_LIBC_PTHREAD   -o CMakeFiles/cmTC_ab63c.dir/src.c.o   -c /home/campbell/repos/3806ICT-Assignment-3-Kenneth-Campbell/catkin_ws/build/CMakeFiles/CMakeTmp/src.c
Linking C executable cmTC_ab63c
/usr/bin/cmake -E cmake_link_script CMakeFiles/cmTC_ab63c.dir/link.txt --verbose=1
/usr/bin/cc  -DCMAKE_HAVE_LIBC_PTHREAD    -rdynamic CMakeFiles/cmTC_ab63c.dir/src.c.o  -o cmTC_ab63c 
/usr/bin/ld: CMakeFiles/cmTC_ab63c.dir/src.c.o: in function `main':
src.c:(.text+0x46): undefined reference to `pthread_create'
/usr/bin/ld: src.c:(.text+0x52): undefined reference to `pthread_detach'
/usr/bin/ld: src.c:(.text+0x63): undefined reference to `pthread_join'
collect2: error: ld returned 1 exit status
make[1]: *** [CMakeFiles/cmTC_ab63c.dir/build.make:87: cmTC_ab63c] Error 1
make[1]: Leaving directory '/home/campbell/repos/3806ICT-Assignment-3-Kenneth-Campbell/catkin_ws/build/CMakeFiles/CMakeTmp'
make: *** [Makefile:121: cmTC_ab63c/fast] Error 2


Source file was:
#include <pthread.h>

void* test_func(void* data)
{
  return data;
}

int main(void)
{
  pthread_t thread;
  pthread_create(&thread, NULL, test_func, NULL);
  pthread_detach(thread);
  pthread_join(thread, NULL);
  pthread_atfork(NULL, NULL, NULL);
  pthread_exit(NULL);

  return 0;
}

Determining if the function pthread_create exists in the pthreads failed with the following output:
Change Dir: /home/campbell/repos/3806ICT-Assignment-3-Kenneth-Campbell/catkin_ws/build/CMakeFiles/CMakeTmp

Run Build Command(s):/usr/bin/make cmTC_5cf03/fast && /usr/bin/make -f CMakeFiles/cmTC_5cf03.dir/build.make CMakeFiles/cmTC_5cf03.dir/build
make[1]: Entering directory '/home/campbell/repos/3806ICT-Assignment-3-Kenneth-Campbell/catkin_ws/build/CMakeFiles/CMakeTmp'
Building C object CMakeFiles/cmTC_5cf03.dir/CheckFunctionExists.c.o
/usr/bin/cc   -DCHECK_FUNCTION_EXISTS=pthread_create   -o CMakeFiles/cmTC_5cf03.dir/CheckFunctionExists.c.o   -c /usr/share/cmake-3.16/Modules/CheckFunctionExists.c
Linking C executable cmTC_5cf03
/usr/bin/cmake -E cmake_link_script CMakeFiles/cmTC_5cf03.dir/link.txt --verbose=1
/usr/bin/cc  -DCHECK_FUNCTION_EXISTS=pthread_create    -rdynamic CMakeFiles/cmTC_5cf03.dir/CheckFunctionExists.c.o  -o cmTC_5cf03  -lpthreads 
/usr/bin/ld: cannot find -lpthreads
collect2: error: ld returned 1 exit status
make[1]: *** [CMakeFiles/cmTC_5cf03.dir/build.make:87: cmTC_5cf03] Error 1
make[1]: Leaving directory '/home/campbell/repos/3806ICT-Assignment-3-Kenneth-Campbell/catkin_ws/build/CMakeFiles/CMakeTmp'
make: *** [Makefile:121: cmTC_5cf03/fast] Error 2



Performing C SOURCE FILE Test CMAKE_HAVE_LIBC_PTHREAD failed with the following output:
Change Dir: /home/campbell/repos/3806ICT-Assignment-3-Kenneth-Campbell/catkin_ws/build/CMakeFiles/CMakeTmp

Run Build Command(s):/usr/bin/make cmTC_2170b/fast && /usr/bin/make -f CMakeFiles/cmTC_2170b.dir/build.make CMakeFiles/cmTC_2170b.dir/build
make[1]: Entering directory '/home/campbell/repos/3806ICT-Assignment-3-Kenneth-Campbell/catkin_ws/build/CMakeFiles/CMakeTmp'
Building C object CMakeFiles/cmTC_2170b.dir/src.c.o
/usr/bin/cc   -DCMAKE_HAVE_LIBC_PTHREAD   -o CMakeFiles/cmTC_2170b.dir/src.c.o   -c /home/campbell/repos/3806ICT-Assignment-3-Kenneth-Campbell/catkin_ws/build/CMakeFiles/CMakeTmp/src.c
Linking C executable cmTC_2170b
/usr/bin/cmake -E cmake_link_script CMakeFiles/cmTC_2170b.dir/link.txt --verbose=1
/usr/bin/cc  -DCMAKE_HAVE_LIBC_PTHREAD    -rdynamic CMakeFiles/cmTC_2170b.dir/src.c.o  -o cmTC_2170b 
/usr/bin/ld: CMakeFiles/cmTC_2170b.dir/src.c.o: in function `main':
src.c:(.text+0x46): undefined reference to `pthread_create'
/usr/bin/ld: src.c:(.text+0x52): undefined reference to `pthread_detach'
/usr/bin/ld: src.c:(.text+0x63): undefined reference to `pthread_join'
collect2: error: ld returned 1 exit status
make[1]: *** [CMakeFiles/cmTC_2170b.dir/build.make:87: cmTC_2170b] Error 1
make[1]: Leaving directory '/home/campbell/repos/3806ICT-Assignment-3-Kenneth-Campbell/catkin_ws/build/CMakeFiles/CMakeTmp'
make: *** [Makefile:121: cmTC_2170b/fast] Error 2


Source file was:
#include <pthread.h>

void* test_func(void* data)
{
  return data;
}

int main(void)
{
  pthread_t thread;
  pthread_create(&thread, NULL, test_func, NULL);
  pthread_detach(thread);
  pthread_join(thread, NULL);
  pthread_atfork(NULL, NULL, NULL);
  pthread_exit(NULL);

  return 0;
}

Determining if the function pthread_create exists in the pthreads failed with the following output:
Change Dir: /home/campbell/repos/3806ICT-Assignment-3-Kenneth-Campbell/catkin_ws/build/CMakeFiles/CMakeTmp

Run Build Command(s):/usr/bin/make cmTC_dc43a/fast && /usr/bin/make -f CMakeFiles/cmTC_dc43a.dir/build.make CMakeFiles/cmTC_dc43a.dir/build
make[1]: Entering directory '/home/campbell/repos/3806ICT-Assignment-3-Kenneth-Campbell/catkin_ws/build/CMakeFiles/CMakeTmp'
Building C object CMakeFiles/cmTC_dc43a.dir/CheckFunctionExists.c.o
/usr/bin/cc   -DCHECK_FUNCTION_EXISTS=pthread_create   -o CMakeFiles/cmTC_dc43a.dir/CheckFunctionExists.c.o   -c /usr/share/cmake-3.16/Modules/CheckFunctionExists.c
Linking C executable cmTC_dc43a
/usr/bin/cmake -E cmake_link_script CMakeFiles/cmTC_dc43a.dir/link.txt --verbose=1
/usr/bin/cc  -DCHECK_FUNCTION_EXISTS=pthread_create    -rdynamic CMakeFiles/cmTC_dc43a.dir/CheckFunctionExists.c.o  -o cmTC_dc43a  -lpthreads 
/usr/bin/ld: cannot find -lpthreads
collect2: error: ld returned 1 exit status
make[1]: *** [CMakeFiles/cmTC_dc43a.dir/build.make:87: cmTC_dc43a] Error 1
make[1]: Leaving directory '/home/campbell/repos/3806ICT-Assignment-3-Kenneth-Campbell/catkin_ws/build/CMakeFiles/CMakeTmp'
make: *** [Makefile:121: cmTC_dc43a/fast] Error 2



